<?xml version="1.0" encoding="UTF-8"?>
<!-- Generated by org.testng.reporters.JUnitXMLReporter -->
<testsuite ignored="0" hostname="DESKTOP-C2TRKQ0" failures="0" tests="5" name="Default test" time="0.471" errors="0" timestamp="2022-04-25T14:24:38 IST">
  <testcase classname="com.PhpTravels.scripts.TestBase" name="@BeforeClass onSetup" time="-1.650876877156E9">
    <failure type="org.testng.TestNGException" message="
Parameter &amp;apos;browser&amp;apos; is required by BeforeClass on method onSetup but has not been marked @Optional or defined
in C:\Users\Ann Tuitions\AppData\Local\Temp\testng-eclipse--1221805187\testng-customsuite.xml">
      <![CDATA[org.testng.TestNGException: 
Parameter 'browser' is required by BeforeClass on method onSetup but has not been marked @Optional or defined
in C:\Users\Ann Tuitions\AppData\Local\Temp\testng-eclipse--1221805187\testng-customsuite.xml
at org.testng.internal.Parameters.createParams(Parameters.java:270)
at org.testng.internal.Parameters.createParametersForMethod(Parameters.java:358)
at org.testng.internal.Parameters.createParameters(Parameters.java:700)
at org.testng.internal.Parameters.createConfigurationParameters(Parameters.java:168)
at org.testng.internal.ConfigInvoker.invokeConfigurations(ConfigInvoker.java:302)
at org.testng.internal.TestMethodWorker.invokeBeforeClassMethods(TestMethodWorker.java:176)
at org.testng.internal.TestMethodWorker.run(TestMethodWorker.java:122)
at java.base/java.util.ArrayList.forEach(ArrayList.java:1511)
at org.testng.TestRunner.privateRun(TestRunner.java:794)
at org.testng.TestRunner.run(TestRunner.java:596)
at org.testng.SuiteRunner.runTest(SuiteRunner.java:377)
at org.testng.SuiteRunner.runSequentially(SuiteRunner.java:371)
at org.testng.SuiteRunner.privateRun(SuiteRunner.java:332)
at org.testng.SuiteRunner.run(SuiteRunner.java:276)
at org.testng.SuiteRunnerWorker.runSuite(SuiteRunnerWorker.java:53)
at org.testng.SuiteRunnerWorker.run(SuiteRunnerWorker.java:96)
at org.testng.TestNG.runSuitesSequentially(TestNG.java:1212)
at org.testng.TestNG.runSuitesLocally(TestNG.java:1134)
at org.testng.TestNG.runSuites(TestNG.java:1063)
at org.testng.TestNG.run(TestNG.java:1031)
at org.testng.remote.AbstractRemoteTestNG.run(AbstractRemoteTestNG.java:115)
at org.testng.remote.RemoteTestNG.initAndRun(RemoteTestNG.java:251)
at org.testng.remote.RemoteTestNG.main(RemoteTestNG.java:77)
]]>
    </failure>
  </testcase> <!-- @BeforeClass onSetup -->
  <testcase classname="com.PhpTravels.scripts.TestBase" name="@AfterClass teardown" time="-1.650876877477E9">
    <skipped/>
  </testcase> <!-- @AfterClass teardown -->
  <testcase classname="com.PhpTravels.scripts.CustomerLoginPageTest" name="launchApp" time="0.0">
    <skipped/>
  </testcase> <!-- launchApp -->
  <testcase classname="com.PhpTravels.scripts.CustomerLoginPageTest" name="ValidLoginWithInvalidUserName" time="0.0">
    <skipped/>
  </testcase> <!-- ValidLoginWithInvalidUserName -->
  <testcase classname="com.PhpTravels.scripts.CustomerLoginPageTest" name="ValidLoginWithInvalidpassword" time="0.0">
    <skipped/>
  </testcase> <!-- ValidLoginWithInvalidpassword -->
  <testcase classname="com.PhpTravels.scripts.CustomerLoginPageTest" name="ValidLoginWithInvalidUserAndInvalidPassword" time="0.0">
    <skipped/>
  </testcase> <!-- ValidLoginWithInvalidUserAndInvalidPassword -->
  <testcase classname="com.PhpTravels.scripts.CustomerLoginPageTest" name="verifyValidLogin" time="0.0">
    <skipped/>
  </testcase> <!-- verifyValidLogin -->
</testsuite> <!-- Default test -->
