<?xml version="1.0" encoding="UTF-8"?>
<!-- Generated by org.testng.reporters.JUnitReportReporter -->
<testsuite hostname="DESKTOP-C2TRKQ0" failures="0" tests="6" name="com.PhpTravels.CustomerScripts.CustomerLoginPageTest" time="34.347" errors="1" timestamp="2022-04-28T14:44:44 IST" skipped="5">
  <testcase classname="com.PhpTravels.CustomerScripts.CustomerLoginPageTest" name="onSetup" time="34.347">
    <error message="Unable to establish websocket connection to http://localhost:64462/devtools/browser/573de8c0-07cc-44bb-a660-780d71ae8d61
Build info: version: &#039;4.1.1&#039;, revision: &#039;e8fcc2cecf&#039;
System info: host: &#039;DESKTOP-C2TRKQ0&#039;, ip: &#039;192.168.0.101&#039;, os.name: &#039;Windows 10&#039;, os.arch: &#039;amd64&#039;, os.version: &#039;10.0&#039;, java.version: &#039;15.0.2&#039;
Driver info: driver.version: ChromeDriver" type="org.openqa.selenium.remote.http.ConnectionFailedException">
      <![CDATA[org.openqa.selenium.remote.http.ConnectionFailedException: Unable to establish websocket connection to http://localhost:64462/devtools/browser/573de8c0-07cc-44bb-a660-780d71ae8d61
Build info: version: '4.1.1', revision: 'e8fcc2cecf'
System info: host: 'DESKTOP-C2TRKQ0', ip: '192.168.0.101', os.name: 'Windows 10', os.arch: 'amd64', os.version: '10.0', java.version: '15.0.2'
Driver info: driver.version: ChromeDriver
at org.openqa.selenium.remote.http.netty.NettyWebSocket.<init>(NettyWebSocket.java:104)
at org.openqa.selenium.remote.http.netty.NettyWebSocket.lambda$create$3(NettyWebSocket.java:137)
at org.openqa.selenium.remote.http.netty.NettyClient.openSocket(NettyClient.java:118)
at org.openqa.selenium.devtools.Connection.<init>(Connection.java:77)
at org.openqa.selenium.chromium.ChromiumDriver.lambda$new$2(ChromiumDriver.java:124)
at java.base/java.util.Optional.map(Optional.java:258)
at org.openqa.selenium.chromium.ChromiumDriver.<init>(ChromiumDriver.java:122)
at org.openqa.selenium.chrome.ChromeDriver.<init>(ChromeDriver.java:106)
at org.openqa.selenium.chrome.ChromeDriver.<init>(ChromeDriver.java:93)
at org.openqa.selenium.chrome.ChromeDriver.<init>(ChromeDriver.java:48)
at com.PhpTravels.CustomerScripts.TestBase.onSetup(TestBase.java:46)
at java.base/jdk.internal.reflect.NativeMethodAccessorImpl.invoke0(Native Method)
at java.base/jdk.internal.reflect.NativeMethodAccessorImpl.invoke(NativeMethodAccessorImpl.java:64)
at java.base/jdk.internal.reflect.DelegatingMethodAccessorImpl.invoke(DelegatingMethodAccessorImpl.java:43)
at java.base/java.lang.reflect.Method.invoke(Method.java:564)
at org.testng.internal.MethodInvocationHelper.invokeMethod(MethodInvocationHelper.java:133)
at org.testng.internal.MethodInvocationHelper.invokeMethodConsideringTimeout(MethodInvocationHelper.java:62)
at org.testng.internal.ConfigInvoker.invokeConfigurationMethod(ConfigInvoker.java:385)
at org.testng.internal.ConfigInvoker.invokeConfigurations(ConfigInvoker.java:321)
at org.testng.internal.TestMethodWorker.invokeBeforeClassMethods(TestMethodWorker.java:176)
at org.testng.internal.TestMethodWorker.run(TestMethodWorker.java:122)
at java.base/java.util.ArrayList.forEach(ArrayList.java:1511)
at org.testng.TestRunner.privateRun(TestRunner.java:794)
at org.testng.TestRunner.run(TestRunner.java:596)
at org.testng.SuiteRunner.runTest(SuiteRunner.java:377)
at org.testng.SuiteRunner.runSequentially(SuiteRunner.java:371)
at org.testng.SuiteRunner.privateRun(SuiteRunner.java:332)
at org.testng.SuiteRunner.run(SuiteRunner.java:276)
at org.testng.SuiteRunnerWorker.runSuite(SuiteRunnerWorker.java:53)
at org.testng.SuiteRunnerWorker.run(SuiteRunnerWorker.java:96)
at org.testng.TestNG.runSuitesSequentially(TestNG.java:1212)
at org.testng.TestNG.runSuitesLocally(TestNG.java:1134)
at org.testng.TestNG.runSuites(TestNG.java:1063)
at org.testng.TestNG.run(TestNG.java:1031)
at org.testng.remote.AbstractRemoteTestNG.run(AbstractRemoteTestNG.java:115)
at org.testng.remote.RemoteTestNG.initAndRun(RemoteTestNG.java:251)
at org.testng.remote.RemoteTestNG.main(RemoteTestNG.java:77)
]]>
    </error>
  </testcase> <!-- onSetup -->
  <system-out/>
  <testcase classname="com.PhpTravels.CustomerScripts.CustomerLoginPageTest" name="launchApp" time="0.000">
    <skipped/>
  </testcase> <!-- launchApp -->
  <system-out/>
  <testcase classname="com.PhpTravels.CustomerScripts.CustomerLoginPageTest" name="ValidLoginWithInvalidUserName" time="0.000">
    <skipped/>
  </testcase> <!-- ValidLoginWithInvalidUserName -->
  <system-out/>
  <testcase classname="com.PhpTravels.CustomerScripts.CustomerLoginPageTest" name="ValidLoginWithInvalidpassword" time="0.000">
    <skipped/>
  </testcase> <!-- ValidLoginWithInvalidpassword -->
  <system-out/>
  <testcase classname="com.PhpTravels.CustomerScripts.CustomerLoginPageTest" name="ValidLoginWithInvalidUserAndInvalidPassword" time="0.000">
    <skipped/>
  </testcase> <!-- ValidLoginWithInvalidUserAndInvalidPassword -->
  <system-out/>
  <testcase classname="com.PhpTravels.CustomerScripts.CustomerLoginPageTest" name="verifyValidLogin" time="0.000">
    <skipped/>
  </testcase> <!-- verifyValidLogin -->
  <system-out/>
</testsuite> <!-- com.PhpTravels.CustomerScripts.CustomerLoginPageTest -->
